<?xml version="1.0" encoding="UTF-8"?>
<testsuite xmlns:xsi="http://www.w3.org/2001/XMLSchema-instance" xsi:noNamespaceSchemaLocation="https://maven.apache.org/surefire/maven-surefire-plugin/xsd/surefire-test-report-3.0.xsd" version="3.0" name="es.ndc.api_movies.ApiMoviesApplicationTests" time="30.604" tests="1" errors="0" skipped="0" failures="0">
  <properties>
[...]
</properties>
  <testcase name="contextLoads" classname="es.ndc.api_movies.ApiMoviesApplicationTests" time="0.824">
    <system-out><![CDATA[10:50:42.175 [main] INFO org.springframework.test.context.support.AnnotationConfigContextLoaderUtils -- Could not detect default configuration classes for test class [es.ndc.api_movies.ApiMoviesApplicationTests]: ApiMoviesApplicationTests does not declare any static, non-private, non-final, nested classes annotated with @Configuration.
10:50:42.464 [main] INFO org.springframework.boot.test.context.SpringBootTestContextBootstrapper -- Found @SpringBootConfiguration es.ndc.api_movies.ApiMoviesApplication for test class es.ndc.api_movies.ApiMoviesApplicationTests
10:50:42.988 [main] INFO org.springframework.boot.devtools.restart.RestartApplicationListener -- Restart disabled due to context in which it is running

  .   ____          _            __ _ _
 /\\ / ___'_ __ _ _(_)_ __  __ _ \ \ \ \
( ( )\___ | '_ | '_| | '_ \/ _` | \ \ \ \
 \\/  ___)| |_)| | | | | || (_| |  ) ) ) )
  '  |____| .__|_| |_|_| |_\__, | / / / /
 =========|_|==============|___/=/_/_/_/

 :: Spring Boot ::                (v3.3.3)

2024-12-03T10:50:43.604Z  INFO 17296 --- [api-movies] [           main] e.n.a.ApiMoviesApplicationTests          : Starting ApiMoviesApplicationTests using Java 17.0.9 with PID 17296 (started by naudc in C:\Users\naudc\Desktop\api-movies)
2024-12-03T10:50:43.606Z  INFO 17296 --- [api-movies] [           main] e.n.a.ApiMoviesApplicationTests          : No active profile set, falling back to 1 default profile: "default"
2024-12-03T10:50:45.667Z  INFO 17296 --- [api-movies] [           main] .s.d.r.c.RepositoryConfigurationDelegate : Bootstrapping Spring Data JPA repositories in DEFAULT mode.
2024-12-03T10:50:45.851Z  INFO 17296 --- [api-movies] [           main] .s.d.r.c.RepositoryConfigurationDelegate : Finished Spring Data repository scanning in 165 ms. Found 7 JPA repository interfaces.
2024-12-03T10:50:47.326Z  INFO 17296 --- [api-movies] [           main] o.hibernate.jpa.internal.util.LogHelper  : HHH000204: Processing PersistenceUnitInfo [name: default]
2024-12-03T10:50:47.518Z  INFO 17296 --- [api-movies] [           main] org.hibernate.Version                    : HHH000412: Hibernate ORM core version 6.5.2.Final
2024-12-03T10:50:47.630Z  INFO 17296 --- [api-movies] [           main] o.h.c.internal.RegionFactoryInitiator    : HHH000026: Second-level cache disabled
2024-12-03T10:50:48.560Z  INFO 17296 --- [api-movies] [           main] o.s.o.j.p.SpringPersistenceUnitInfo      : No LoadTimeWeaver setup: ignoring JPA class transformer
2024-12-03T10:50:48.636Z  INFO 17296 --- [api-movies] [           main] com.zaxxer.hikari.HikariDataSource       : HikariPool-1 - Starting...
2024-12-03T10:50:51.294Z  INFO 17296 --- [api-movies] [           main] com.zaxxer.hikari.pool.HikariPool        : HikariPool-1 - Added connection com.mysql.cj.jdbc.ConnectionImpl@30c8c6ab
2024-12-03T10:50:51.299Z  INFO 17296 --- [api-movies] [           main] com.zaxxer.hikari.HikariDataSource       : HikariPool-1 - Start completed.
2024-12-03T10:50:51.786Z  WARN 17296 --- [api-movies] [           main] org.hibernate.orm.deprecation            : HHH90000025: MySQLDialect does not need to be specified explicitly using 'hibernate.dialect' (remove the property setting and it will be selected by default)
2024-12-03T10:50:54.118Z  INFO 17296 --- [api-movies] [           main] o.h.e.t.j.p.i.JtaPlatformInitiator       : HHH000489: No JTA platform available (set 'hibernate.transaction.jta.platform' to enable JTA platform integration)
Hibernate: alter table actors modify column profile_photo mediumblob
Hibernate: alter table directors modify column profile_photo mediumblob
Hibernate: alter table movies modify column poster mediumblob
Hibernate: alter table movies modify column synopsis TEXT
Hibernate: alter table reviews modify column comment TEXT
Hibernate: alter table users modify column image mediumblob
2024-12-03T10:51:03.614Z  INFO 17296 --- [api-movies] [           main] j.LocalContainerEntityManagerFactoryBean : Initialized JPA EntityManagerFactory for persistence unit 'default'
Hibernate: select ge1_0.genre_id,ge1_0.name from genres ge1_0 where ge1_0.name=?
Hibernate: select ge1_0.genre_id,ge1_0.name from genres ge1_0 where ge1_0.name=?
Hibernate: select ge1_0.genre_id,ge1_0.name from genres ge1_0 where ge1_0.name=?
Hibernate: select ge1_0.genre_id,ge1_0.name from genres ge1_0 where ge1_0.name=?
Hibernate: select ge1_0.genre_id,ge1_0.name from genres ge1_0 where ge1_0.name=?
Hibernate: select ge1_0.genre_id,ge1_0.name from genres ge1_0 where ge1_0.name=?
Hibernate: select ge1_0.genre_id,ge1_0.name from genres ge1_0 where ge1_0.name=?
Hibernate: select ge1_0.genre_id,ge1_0.name from genres ge1_0 where ge1_0.name=?
Hibernate: select ge1_0.genre_id,ge1_0.name from genres ge1_0 where ge1_0.name=?
Hibernate: select ge1_0.genre_id,ge1_0.name from genres ge1_0 where ge1_0.name=?
Hibernate: select re1_0.id,re1_0.name from roles re1_0 where re1_0.name=?
Hibernate: select re1_0.id,re1_0.name from roles re1_0 where re1_0.name=?
2024-12-03T10:51:07.666Z  INFO 17296 --- [api-movies] [           main] o.s.d.j.r.query.QueryEnhancerFactory     : Hibernate is in classpath; If applicable, HQL parser will be used.
2024-12-03T10:51:08.874Z  WARN 17296 --- [api-movies] [           main] JpaBaseConfiguration$JpaWebConfiguration : spring.jpa.open-in-view is enabled by default. Therefore, database queries may be performed during view rendering. Explicitly configure spring.jpa.open-in-view to disable this warning
2024-12-03T10:51:08.945Z  INFO 17296 --- [api-movies] [           main] r$InitializeUserDetailsManagerConfigurer : Global AuthenticationManager configured with UserDetailsService bean with name customUserDetailsService
2024-12-03T10:51:10.725Z  INFO 17296 --- [api-movies] [           main] e.n.a.ApiMoviesApplicationTests          : Started ApiMoviesApplicationTests in 27.776 seconds (process running for 30.285)
Hibernate: select re1_0.id,re1_0.name from roles re1_0 where re1_0.name=?
Hibernate: select ue1_0.user_id,ue1_0.email,ue1_0.image,ue1_0.life_span,ue1_0.name,ue1_0.password,ue1_0.role_id from users ue1_0 where ue1_0.name=?
Hibernate: select re1_0.id,re1_0.name from roles re1_0 where re1_0.id=?
]]></system-out>
  </testcase>
</testsuite>